<?xml version="1.0" encoding="UTF-8"?>
<!-- Generated by org.testng.reporters.JUnitReportReporter -->
<testsuite hostname="NDI-LAP-539" name="com.org.threenet.test.UtilsMenuTest" tests="1" failures="0" timestamp="17 Sep 2016 15:29:42 GMT" time="0.002" errors="0">
  <testcase name="displayUtilMenu" time="0.002" classname="com.org.threenet.test.UtilsMenuTest"/>
</testsuite> <!-- com.org.threenet.test.UtilsMenuTest -->
