<?xml version="1.0" encoding="UTF-8"?>
<!-- Generated by org.testng.reporters.JUnitReportReporter -->
<testsuite hostname="NDI-LAP-539" name="com.org.threenet.test.LoginPageTest" tests="1" failures="0" timestamp="15 Dec 2016 15:54:15 GMT" time="130.390" errors="0">
  <testcase name="verifyLoginForm" time="130.390" classname="com.org.threenet.test.LoginPageTest"/>
</testsuite> <!-- com.org.threenet.test.LoginPageTest -->
