<?xml version="1.0" encoding="UTF-8"?>
<!-- Generated by org.testng.reporters.JUnitReportReporter -->
<testsuite hostname="NDI-LAP-539" name="Automation_Framework.PopupHandling" tests="1" failures="0" timestamp="24 Aug 2016 10:44:50 GMT" time="6.192" errors="0">
  <testcase name="performPopuphandling" time="6.192" classname="Automation_Framework.PopupHandling"/>
</testsuite> <!-- Automation_Framework.PopupHandling -->
