<?xml version="1.0" encoding="UTF-8"?>
<!-- Generated by org.testng.reporters.JUnitReportReporter -->
<testsuite hostname="NDI-LAP-539" name="Automation_Framework.FrameHandling" tests="2" failures="0" timestamp="24 Aug 2016 15:40:24 GMT" time="19.311" errors="0">
  <testcase name="f" time="18.879" classname="Automation_Framework.FrameHandling"/>
  <testcase name="noOfFrame" time="0.432" classname="Automation_Framework.FrameHandling"/>
</testsuite> <!-- Automation_Framework.FrameHandling -->
