<?xml version="1.0" encoding="UTF-8"?>
<!-- Generated by org.testng.reporters.JUnitReportReporter -->
<testsuite hostname="NDI-LAP-539" name="Automation_Framework.TestNG" tests="1" failures="0" timestamp="23 Aug 2016 06:24:33 GMT" time="7.193" errors="0">
  <testcase name="f" time="7.193" classname="Automation_Framework.TestNG"/>
</testsuite> <!-- Automation_Framework.TestNG -->
