<?xml version="1.0" encoding="UTF-8"?>
<!-- Generated by org.testng.reporters.JUnitReportReporter -->
<testsuite hostname="NDI-LAP-539" name="Automation_Framework.AccountCreationForm" tests="1" failures="0" timestamp="25 Aug 2016 07:54:56 GMT" time="0.001" errors="1">
  <testcase name="fillForm" time="0.001" classname="Automation_Framework.AccountCreationForm">
    <error type="org.openqa.selenium.WebDriverException" message="Failed to connect to binary FirefoxBinary(C:\Program Files (x86)\Mozilla Firefox\firefox.exe) on port 7055; process output follows: 
srollout@mozilla.org version 1.0
1472111651607	addons.xpi	DEBUG	Registering manifest for C:\Program Files (x86)\Mozilla Firefox\browser\features\firefox@getpocket.com.xpi
1472111651607	addons.xpi	DEBUG	Calling bootstrap method startup on firefox@getpocket.com version 1.0.2
1472111651608	addons.xpi	DEBUG	Registering manifest for C:\Program Files (x86)\Mozilla Firefox\browser\features\loop@mozilla.org.xpi
1472111651608	addons.xpi	DEBUG	Calling bootstrap method startup on loop@mozilla.org version 1.3.2
1472111651623	addons.manager	DEBUG	Registering shutdown blocker for XPIProvider
1472111651624	addons.manager	DEBUG	Provider finished startup: XPIProvider
1472111651624	addons.manager	DEBUG	Starting provider: LightweightThemeManager
1472111651624	addons.manager	DEBUG	Registering shutdown blocker for LightweightThemeManager
1472111651624	addons.manager	DEBUG	Provider finished startup: LightweightThemeManager
1472111651624	addons.manager	DEBUG	Starting provider: GMPProvider
1472111651630	addons.manager	DEBUG	Registering shutdown blocker for GMPProvider
1472111651630	addons.manager	DEBUG	Provider finished startup: GMPProvider
1472111651630	addons.manager	DEBUG	Starting provider: PluginProvider
1472111651630	addons.manager	DEBUG	Registering shutdown blocker for PluginProvider
1472111651630	addons.manager	DEBUG	Provider finished startup: PluginProvider
1472111651631	addons.manager	DEBUG	Completed startup sequence
Crash Annotation GraphicsCriticalError: |[0][GFX1-]: PossiblyBrokenSurfaceSharing_UnexpectedAMDGPU (t=1.49118) [GFX1-]: PossiblyBrokenSurfaceSharing_UnexpectedAMDGPU
Crash Annotation GraphicsCriticalError: |[0][GFX1-]: PossiblyBrokenSurfaceSharing_UnexpectedAMDGPU (t=1.49118) |[1][GFX1-]: PossiblyBrokenSurfaceSharing_UnexpectedAMDGPU (t=1.53356) [GFX1-]: PossiblyBrokenSurfaceSharing_UnexpectedAMDGPU
1472111652154	addons.manager	DEBUG	Starting provider: &lt;unnamed-provider&gt;
1472111652154	addons.manager	DEBUG	Registering shutdown blocker for &lt;unnamed-provider&gt;
1472111652154	addons.manager	DEBUG	Provider finished startup: &lt;unnamed-provider&gt;
1472111652415	DeferredSave.extensions.json	DEBUG	Write succeeded
1472111652415	addons.xpi-utils	DEBUG	XPI Database saved, setting schema version preference to 17
1472111652415	DeferredSave.extensions.json	DEBUG	Starting timer
1472111652424	addons.repository	DEBUG	No addons.json found.
1472111652425	DeferredSave.addons.json	DEBUG	Save changes
1472111652426	DeferredSave.addons.json	DEBUG	Starting timer
1472111652463	addons.manager	DEBUG	Starting provider: PreviousExperimentProvider
1472111652463	addons.manager	DEBUG	Registering shutdown blocker for PreviousExperimentProvider
1472111652463	addons.manager	DEBUG	Provider finished startup: PreviousExperimentProvider
1472111652467	DeferredSave.extensions.json	DEBUG	Starting write
1472111652492	DeferredSave.addons.json	DEBUG	Starting write
1472111652527	DeferredSave.extensions.json	DEBUG	Write succeeded
1472111652539	DeferredSave.addons.json	DEBUG	Write succeeded
1472111662044	addons.xpi	DEBUG	Calling bootstrap method shutdown on e10srollout@mozilla.org version 1.0
1472111662044	addons.xpi	DEBUG	Calling bootstrap method shutdown on firefox@getpocket.com version 1.0.2
1472111662044	addons.xpi	DEBUG	Calling bootstrap method shutdown on loop@mozilla.org version 1.3.2
1472111662231	addons.manager	DEBUG	shutdown
1472111662232	addons.manager	DEBUG	Calling shutdown blocker for XPIProvider
1472111662232	addons.xpi	DEBUG	shutdown
1472111662232	addons.xpi-utils	DEBUG	shutdown
1472111662233	addons.manager	DEBUG	Calling shutdown blocker for LightweightThemeManager
1472111662233	addons.manager	DEBUG	Calling shutdown blocker for GMPProvider
1472111662234	addons.manager	DEBUG	Calling shutdown blocker for PluginProvider
1472111662235	addons.manager	DEBUG	Calling shutdown blocker for &lt;unnamed-provider&gt;
1472111662236	addons.manager	DEBUG	Calling shutdown blocker for PreviousExperimentProvider
1472111662237	addons.xpi	DEBUG	Notifying XPI shutdown observers
1472111662239	addons.manager	DEBUG	Async provider shutdown done

Build info: version: &#039;2.53.0&#039;, revision: &#039;35ae25b&#039;, time: &#039;2016-03-15 17:01:03&#039;
System info: host: &#039;NDI-LAP-539&#039;, ip: &#039;172.20.37.5&#039;, os.name: &#039;Windows 7&#039;, os.arch: &#039;amd64&#039;, os.version: &#039;6.1&#039;, java.version: &#039;1.8.0_91&#039;
Driver info: driver.version: FirefoxDriver">
      <![CDATA[org.openqa.selenium.WebDriverException: Failed to connect to binary FirefoxBinary(C:\Program Files (x86)\Mozilla Firefox\firefox.exe) on port 7055; process output follows: 
srollout@mozilla.org version 1.0
1472111651607	addons.xpi	DEBUG	Registering manifest for C:\Program Files (x86)\Mozilla Firefox\browser\features\firefox@getpocket.com.xpi
1472111651607	addons.xpi	DEBUG	Calling bootstrap method startup on firefox@getpocket.com version 1.0.2
1472111651608	addons.xpi	DEBUG	Registering manifest for C:\Program Files (x86)\Mozilla Firefox\browser\features\loop@mozilla.org.xpi
1472111651608	addons.xpi	DEBUG	Calling bootstrap method startup on loop@mozilla.org version 1.3.2
1472111651623	addons.manager	DEBUG	Registering shutdown blocker for XPIProvider
1472111651624	addons.manager	DEBUG	Provider finished startup: XPIProvider
1472111651624	addons.manager	DEBUG	Starting provider: LightweightThemeManager
1472111651624	addons.manager	DEBUG	Registering shutdown blocker for LightweightThemeManager
1472111651624	addons.manager	DEBUG	Provider finished startup: LightweightThemeManager
1472111651624	addons.manager	DEBUG	Starting provider: GMPProvider
1472111651630	addons.manager	DEBUG	Registering shutdown blocker for GMPProvider
1472111651630	addons.manager	DEBUG	Provider finished startup: GMPProvider
1472111651630	addons.manager	DEBUG	Starting provider: PluginProvider
1472111651630	addons.manager	DEBUG	Registering shutdown blocker for PluginProvider
1472111651630	addons.manager	DEBUG	Provider finished startup: PluginProvider
1472111651631	addons.manager	DEBUG	Completed startup sequence
Crash Annotation GraphicsCriticalError: |[0][GFX1-]: PossiblyBrokenSurfaceSharing_UnexpectedAMDGPU (t=1.49118) [GFX1-]: PossiblyBrokenSurfaceSharing_UnexpectedAMDGPU
Crash Annotation GraphicsCriticalError: |[0][GFX1-]: PossiblyBrokenSurfaceSharing_UnexpectedAMDGPU (t=1.49118) |[1][GFX1-]: PossiblyBrokenSurfaceSharing_UnexpectedAMDGPU (t=1.53356) [GFX1-]: PossiblyBrokenSurfaceSharing_UnexpectedAMDGPU
1472111652154	addons.manager	DEBUG	Starting provider: <unnamed-provider>
1472111652154	addons.manager	DEBUG	Registering shutdown blocker for <unnamed-provider>
1472111652154	addons.manager	DEBUG	Provider finished startup: <unnamed-provider>
1472111652415	DeferredSave.extensions.json	DEBUG	Write succeeded
1472111652415	addons.xpi-utils	DEBUG	XPI Database saved, setting schema version preference to 17
1472111652415	DeferredSave.extensions.json	DEBUG	Starting timer
1472111652424	addons.repository	DEBUG	No addons.json found.
1472111652425	DeferredSave.addons.json	DEBUG	Save changes
1472111652426	DeferredSave.addons.json	DEBUG	Starting timer
1472111652463	addons.manager	DEBUG	Starting provider: PreviousExperimentProvider
1472111652463	addons.manager	DEBUG	Registering shutdown blocker for PreviousExperimentProvider
1472111652463	addons.manager	DEBUG	Provider finished startup: PreviousExperimentProvider
1472111652467	DeferredSave.extensions.json	DEBUG	Starting write
1472111652492	DeferredSave.addons.json	DEBUG	Starting write
1472111652527	DeferredSave.extensions.json	DEBUG	Write succeeded
1472111652539	DeferredSave.addons.json	DEBUG	Write succeeded
1472111662044	addons.xpi	DEBUG	Calling bootstrap method shutdown on e10srollout@mozilla.org version 1.0
1472111662044	addons.xpi	DEBUG	Calling bootstrap method shutdown on firefox@getpocket.com version 1.0.2
1472111662044	addons.xpi	DEBUG	Calling bootstrap method shutdown on loop@mozilla.org version 1.3.2
1472111662231	addons.manager	DEBUG	shutdown
1472111662232	addons.manager	DEBUG	Calling shutdown blocker for XPIProvider
1472111662232	addons.xpi	DEBUG	shutdown
1472111662232	addons.xpi-utils	DEBUG	shutdown
1472111662233	addons.manager	DEBUG	Calling shutdown blocker for LightweightThemeManager
1472111662233	addons.manager	DEBUG	Calling shutdown blocker for GMPProvider
1472111662234	addons.manager	DEBUG	Calling shutdown blocker for PluginProvider
1472111662235	addons.manager	DEBUG	Calling shutdown blocker for <unnamed-provider>
1472111662236	addons.manager	DEBUG	Calling shutdown blocker for PreviousExperimentProvider
1472111662237	addons.xpi	DEBUG	Notifying XPI shutdown observers
1472111662239	addons.manager	DEBUG	Async provider shutdown done

Build info: version: '2.53.0', revision: '35ae25b', time: '2016-03-15 17:01:03'
System info: host: 'NDI-LAP-539', ip: '172.20.37.5', os.name: 'Windows 7', os.arch: 'amd64', os.version: '6.1', java.version: '1.8.0_91'
Driver info: driver.version: FirefoxDriver
	at org.openqa.selenium.firefox.internal.NewProfileExtensionConnection.start(NewProfileExtensionConnection.java:124)
	at org.openqa.selenium.firefox.FirefoxDriver.startClient(FirefoxDriver.java:271)
	at org.openqa.selenium.remote.RemoteWebDriver.<init>(RemoteWebDriver.java:119)
	at org.openqa.selenium.firefox.FirefoxDriver.<init>(FirefoxDriver.java:218)
	at org.openqa.selenium.firefox.FirefoxDriver.<init>(FirefoxDriver.java:211)
	at org.openqa.selenium.firefox.FirefoxDriver.<init>(FirefoxDriver.java:207)
	at org.openqa.selenium.firefox.FirefoxDriver.<init>(FirefoxDriver.java:120)
	at Automation_Framework.AccountCreationForm.beforeMethod(AccountCreationForm.java:71)
	at sun.reflect.NativeMethodAccessorImpl.invoke0(Native Method)
	at sun.reflect.NativeMethodAccessorImpl.invoke(Unknown Source)
	at sun.reflect.DelegatingMethodAccessorImpl.invoke(Unknown Source)
	at java.lang.reflect.Method.invoke(Unknown Source)
	at org.testng.internal.MethodInvocationHelper.invokeMethod(MethodInvocationHelper.java:85)
	at org.testng.internal.Invoker.invokeConfigurationMethod(Invoker.java:510)
	at org.testng.internal.Invoker.invokeConfigurations(Invoker.java:211)
	at org.testng.internal.Invoker.invokeMethod(Invoker.java:585)
	at org.testng.internal.Invoker.invokeTestMethod(Invoker.java:816)
	at org.testng.internal.Invoker.invokeTestMethods(Invoker.java:1124)
	at org.testng.internal.TestMethodWorker.invokeTestMethods(TestMethodWorker.java:125)
	at org.testng.internal.TestMethodWorker.run(TestMethodWorker.java:108)
	at org.testng.TestRunner.privateRun(TestRunner.java:774)
	at org.testng.TestRunner.run(TestRunner.java:624)
	at org.testng.SuiteRunner.runTest(SuiteRunner.java:359)
	at org.testng.SuiteRunner.runSequentially(SuiteRunner.java:354)
	at org.testng.SuiteRunner.privateRun(SuiteRunner.java:312)
	at org.testng.SuiteRunner.run(SuiteRunner.java:261)
	at org.testng.SuiteRunnerWorker.runSuite(SuiteRunnerWorker.java:52)
	at org.testng.SuiteRunnerWorker.run(SuiteRunnerWorker.java:86)
	at org.testng.TestNG.runSuitesSequentially(TestNG.java:1215)
	at org.testng.TestNG.runSuitesLocally(TestNG.java:1140)
	at org.testng.TestNG.run(TestNG.java:1048)
	at org.testng.remote.AbstractRemoteTestNG.run(AbstractRemoteTestNG.java:126)
	at org.testng.remote.RemoteTestNG.initAndRun(RemoteTestNG.java:152)
	at org.testng.remote.RemoteTestNG.main(RemoteTestNG.java:57)
Caused by: org.openqa.selenium.firefox.NotConnectedException: Unable to connect to host 127.0.0.1 on port 7055 after 45000 ms. Firefox console output:
srollout@mozilla.org version 1.0
1472111651607	addons.xpi	DEBUG	Registering manifest for C:\Program Files (x86)\Mozilla Firefox\browser\features\firefox@getpocket.com.xpi
1472111651607	addons.xpi	DEBUG	Calling bootstrap method startup on firefox@getpocket.com version 1.0.2
1472111651608	addons.xpi	DEBUG	Registering manifest for C:\Program Files (x86)\Mozilla Firefox\browser\features\loop@mozilla.org.xpi
1472111651608	addons.xpi	DEBUG	Calling bootstrap method startup on loop@mozilla.org version 1.3.2
1472111651623	addons.manager	DEBUG	Registering shutdown blocker for XPIProvider
1472111651624	addons.manager	DEBUG	Provider finished startup: XPIProvider
1472111651624	addons.manager	DEBUG	Starting provider: LightweightThemeManager
1472111651624	addons.manager	DEBUG	Registering shutdown blocker for LightweightThemeManager
1472111651624	addons.manager	DEBUG	Provider finished startup: LightweightThemeManager
1472111651624	addons.manager	DEBUG	Starting provider: GMPProvider
1472111651630	addons.manager	DEBUG	Registering shutdown blocker for GMPProvider
1472111651630	addons.manager	DEBUG	Provider finished startup: GMPProvider
1472111651630	addons.manager	DEBUG	Starting provider: PluginProvider
1472111651630	addons.manager	DEBUG	Registering shutdown blocker for PluginProvider
1472111651630	addons.manager	DEBUG	Provider finished startup: PluginProvider
1472111651631	addons.manager	DEBUG	Completed startup sequence
Crash Annotation GraphicsCriticalError: |[0][GFX1-]: PossiblyBrokenSurfaceSharing_UnexpectedAMDGPU (t=1.49118) [GFX1-]: PossiblyBrokenSurfaceSharing_UnexpectedAMDGPU
Crash Annotation GraphicsCriticalError: |[0][GFX1-]: PossiblyBrokenSurfaceSharing_UnexpectedAMDGPU (t=1.49118) |[1][GFX1-]: PossiblyBrokenSurfaceSharing_UnexpectedAMDGPU (t=1.53356) [GFX1-]: PossiblyBrokenSurfaceSharing_UnexpectedAMDGPU
1472111652154	addons.manager	DEBUG	Starting provider: <unnamed-provider>
1472111652154	addons.manager	DEBUG	Registering shutdown blocker for <unnamed-provider>
1472111652154	addons.manager	DEBUG	Provider finished startup: <unnamed-provider>
1472111652415	DeferredSave.extensions.json	DEBUG	Write succeeded
1472111652415	addons.xpi-utils	DEBUG	XPI Database saved, setting schema version preference to 17
1472111652415	DeferredSave.extensions.json	DEBUG	Starting timer
1472111652424	addons.repository	DEBUG	No addons.json found.
1472111652425	DeferredSave.addons.json	DEBUG	Save changes
1472111652426	DeferredSave.addons.json	DEBUG	Starting timer
1472111652463	addons.manager	DEBUG	Starting provider: PreviousExperimentProvider
1472111652463	addons.manager	DEBUG	Registering shutdown blocker for PreviousExperimentProvider
1472111652463	addons.manager	DEBUG	Provider finished startup: PreviousExperimentProvider
1472111652467	DeferredSave.extensions.json	DEBUG	Starting write
1472111652492	DeferredSave.addons.json	DEBUG	Starting write
1472111652527	DeferredSave.extensions.json	DEBUG	Write succeeded
1472111652539	DeferredSave.addons.json	DEBUG	Write succeeded
1472111662044	addons.xpi	DEBUG	Calling bootstrap method shutdown on e10srollout@mozilla.org version 1.0
1472111662044	addons.xpi	DEBUG	Calling bootstrap method shutdown on firefox@getpocket.com version 1.0.2
1472111662044	addons.xpi	DEBUG	Calling bootstrap method shutdown on loop@mozilla.org version 1.3.2
1472111662231	addons.manager	DEBUG	shutdown
1472111662232	addons.manager	DEBUG	Calling shutdown blocker for XPIProvider
1472111662232	addons.xpi	DEBUG	shutdown
1472111662232	addons.xpi-utils	DEBUG	shutdown
1472111662233	addons.manager	DEBUG	Calling shutdown blocker for LightweightThemeManager
1472111662233	addons.manager	DEBUG	Calling shutdown blocker for GMPProvider
1472111662234	addons.manager	DEBUG	Calling shutdown blocker for PluginProvider
1472111662235	addons.manager	DEBUG	Calling shutdown blocker for <unnamed-provider>
1472111662236	addons.manager	DEBUG	Calling shutdown blocker for PreviousExperimentProvider
1472111662237	addons.xpi	DEBUG	Notifying XPI shutdown observers
1472111662239	addons.manager	DEBUG	Async provider shutdown done

	at org.openqa.selenium.firefox.internal.NewProfileExtensionConnection.start(NewProfileExtensionConnection.java:112)
	... 33 more
]]>
    </error>
  </testcase> <!-- fillForm -->
</testsuite> <!-- Automation_Framework.AccountCreationForm -->
