<?xml version="1.0" encoding="UTF-8"?>
<!-- Generated by org.testng.reporters.JUnitReportReporter -->
<testsuite hostname="NDI-LAP-539" name="pageObjects.HelloMavenTest" tests="1" failures="0" timestamp="25 Aug 2016 13:43:06 GMT" time="0.009" errors="0">
  <testcase name="f" time="0.009" classname="pageObjects.HelloMavenTest"/>
</testsuite> <!-- pageObjects.HelloMavenTest -->
