<?xml version="1.0" encoding="UTF-8"?>
<!-- Generated by org.testng.reporters.JUnitReportReporter -->
<testsuite hostname="NDI-LAP-539" name="com.livehealtier.test.LoginTest" tests="1" failures="0" timestamp="6 Oct 2016 09:37:38 GMT" time="16.217" errors="0">
  <testcase name="verifyUserCredtials" time="16.217" classname="com.livehealtier.test.LoginTest"/>
</testsuite> <!-- com.livehealtier.test.LoginTest -->
