<?xml version="1.0" encoding="UTF-8"?>
<!-- Generated by org.testng.reporters.JUnitReportReporter -->
<testsuite hostname="NDI-LAP-539" name="com.livehealtier.test.BiometricScreeningTest" tests="1" failures="0" timestamp="7 Oct 2016 05:45:58 GMT" time="39.551" errors="0">
  <testcase name="verfiyBiometricScreening" time="39.551" classname="com.livehealtier.test.BiometricScreeningTest"/>
</testsuite> <!-- com.livehealtier.test.BiometricScreeningTest -->
