<?xml version="1.0" encoding="UTF-8"?>
<!-- Generated by org.testng.reporters.JUnitReportReporter -->
<testsuite hostname="NDI-LAP-539" name="com.rediff.pages.test.DefaultPageTest" tests="1" failures="0" timestamp="26 Aug 2016 06:44:31 GMT" time="13.874" errors="0">
  <testcase name="verifyDefaultPage" time="13.874" classname="com.rediff.pages.test.DefaultPageTest"/>
</testsuite> <!-- com.rediff.pages.test.DefaultPageTest -->
