<?xml version="1.0" encoding="UTF-8"?>
<!-- Generated by org.testng.reporters.JUnitReportReporter -->
<testsuite hostname="NDI-LAP-539" name="com.rediff.pages.HelloMavenTest" tests="1" failures="0" timestamp="25 Aug 2016 14:24:08 GMT" time="0.008" errors="0">
  <testcase name="f" time="0.008" classname="com.rediff.pages.HelloMavenTest"/>
</testsuite> <!-- com.rediff.pages.HelloMavenTest -->
